{"D:\\YTU\\3rdyear\\6th_term\\yazılım müh\\proje\\student_system\\api\\server.js": {"path":"D:\\YTU\\3rdyear\\6th_term\\yazılım müh\\proje\\student_system\\api\\server.js","statementMap":{"0":{"start":{"line":1,"column":16},"end":{"line":1,"column":34}},"1":{"start":{"line":2,"column":13},"end":{"line":2,"column":28}},"2":{"start":{"line":3,"column":20},"end":{"line":3,"column":42}},"3":{"start":{"line":5,"column":15},"end":{"line":5,"column":44}},"4":{"start":{"line":7,"column":12},"end":{"line":7,"column":21}},"5":{"start":{"line":8,"column":13},"end":{"line":8,"column":37}},"6":{"start":{"line":10,"column":18},"end":{"line":12,"column":1}},"7":{"start":{"line":14,"column":0},"end":{"line":14,"column":15}},"8":{"start":{"line":15,"column":0},"end":{"line":15,"column":48}},"9":{"start":{"line":16,"column":0},"end":{"line":16,"column":27}},"10":{"start":{"line":19,"column":0},"end":{"line":19,"column":21}},"11":{"start":{"line":21,"column":0},"end":{"line":21,"column":20}}},"fnMap":{},"branchMap":{"0":{"loc":{"start":{"line":8,"column":13},"end":{"line":8,"column":37}},"type":"binary-expr","locations":[{"start":{"line":8,"column":13},"end":{"line":8,"column":29}},{"start":{"line":8,"column":33},"end":{"line":8,"column":37}}],"line":8}},"s":{"0":5,"1":5,"2":5,"3":5,"4":5,"5":5,"6":5,"7":5,"8":5,"9":5,"10":5,"11":5},"f":{},"b":{"0":[5,5]},"_coverageSchema":"1a1c01bbd47fc00a2c39e90264f33305004495a9","hash":"c777cb6573774406ea949ffcb77587a6aa3bdd41"}
,"D:\\YTU\\3rdyear\\6th_term\\yazılım müh\\proje\\student_system\\api\\app\\config\\db_config.js": {"path":"D:\\YTU\\3rdyear\\6th_term\\yazılım müh\\proje\\student_system\\api\\app\\config\\db_config.js","statementMap":{"0":{"start":{"line":1,"column":14},"end":{"line":1,"column":30}},"1":{"start":{"line":4,"column":22},"end":{"line":10,"column":4}},"2":{"start":{"line":11,"column":3},"end":{"line":16,"column":5}},"3":{"start":{"line":12,"column":4},"end":{"line":15,"column":92}},"4":{"start":{"line":13,"column":8},"end":{"line":13,"column":47}},"5":{"start":{"line":15,"column":8},"end":{"line":15,"column":92}},"6":{"start":{"line":17,"column":2},"end":{"line":17,"column":35}}},"fnMap":{"0":{"name":"(anonymous_0)","decl":{"start":{"line":11,"column":27},"end":{"line":11,"column":28}},"loc":{"start":{"line":11,"column":36},"end":{"line":16,"column":3}},"line":11}},"branchMap":{"0":{"loc":{"start":{"line":12,"column":4},"end":{"line":15,"column":92}},"type":"if","locations":[{"start":{"line":12,"column":4},"end":{"line":15,"column":92}},{"start":{"line":15,"column":8},"end":{"line":15,"column":92}}],"line":12}},"s":{"0":5,"1":5,"2":5,"3":5,"4":5,"5":0,"6":5},"f":{"0":5},"b":{"0":[5,0]},"_coverageSchema":"1a1c01bbd47fc00a2c39e90264f33305004495a9","hash":"df4b4c3c785469325c6d05884b26937c378b80af"}
,"D:\\YTU\\3rdyear\\6th_term\\yazılım müh\\proje\\student_system\\api\\app\\controllers\\branchController.js": {"path":"D:\\YTU\\3rdyear\\6th_term\\yazılım müh\\proje\\student_system\\api\\app\\controllers\\branchController.js","statementMap":{"0":{"start":{"line":1,"column":24},"end":{"line":1,"column":54}},"1":{"start":{"line":3,"column":0},"end":{"line":17,"column":1}},"2":{"start":{"line":4,"column":4},"end":{"line":16,"column":6}},"3":{"start":{"line":5,"column":8},"end":{"line":5,"column":27}},"4":{"start":{"line":7,"column":8},"end":{"line":15,"column":9}},"5":{"start":{"line":8,"column":12},"end":{"line":8,"column":28}},"6":{"start":{"line":9,"column":12},"end":{"line":9,"column":76}},"7":{"start":{"line":11,"column":12},"end":{"line":11,"column":31}},"8":{"start":{"line":12,"column":12},"end":{"line":14,"column":13}},"9":{"start":{"line":13,"column":16},"end":{"line":13,"column":44}},"10":{"start":{"line":19,"column":0},"end":{"line":33,"column":1}},"11":{"start":{"line":20,"column":4},"end":{"line":20,"column":25}},"12":{"start":{"line":21,"column":4},"end":{"line":32,"column":6}},"13":{"start":{"line":22,"column":8},"end":{"line":31,"column":9}},"14":{"start":{"line":23,"column":12},"end":{"line":23,"column":28}},"15":{"start":{"line":24,"column":12},"end":{"line":24,"column":84}},"16":{"start":{"line":26,"column":12},"end":{"line":26,"column":31}},"17":{"start":{"line":27,"column":12},"end":{"line":30,"column":14}},"18":{"start":{"line":35,"column":0},"end":{"line":49,"column":1}},"19":{"start":{"line":36,"column":4},"end":{"line":36,"column":25}},"20":{"start":{"line":37,"column":4},"end":{"line":48,"column":6}},"21":{"start":{"line":38,"column":8},"end":{"line":47,"column":9}},"22":{"start":{"line":39,"column":12},"end":{"line":39,"column":28}},"23":{"start":{"line":40,"column":12},"end":{"line":40,"column":84}},"24":{"start":{"line":42,"column":12},"end":{"line":42,"column":31}},"25":{"start":{"line":43,"column":12},"end":{"line":46,"column":14}},"26":{"start":{"line":51,"column":0},"end":{"line":65,"column":1}},"27":{"start":{"line":52,"column":4},"end":{"line":64,"column":6}},"28":{"start":{"line":54,"column":8},"end":{"line":63,"column":9}},"29":{"start":{"line":55,"column":12},"end":{"line":55,"column":28}},"30":{"start":{"line":56,"column":12},"end":{"line":56,"column":84}},"31":{"start":{"line":58,"column":12},"end":{"line":58,"column":31}},"32":{"start":{"line":59,"column":12},"end":{"line":62,"column":14}}},"fnMap":{"0":{"name":"(anonymous_0)","decl":{"start":{"line":3,"column":22},"end":{"line":3,"column":23}},"loc":{"start":{"line":3,"column":35},"end":{"line":17,"column":1}},"line":3},"1":{"name":"(anonymous_1)","decl":{"start":{"line":4,"column":232},"end":{"line":4,"column":233}},"loc":{"start":{"line":4,"column":248},"end":{"line":16,"column":5}},"line":4},"2":{"name":"(anonymous_2)","decl":{"start":{"line":19,"column":18},"end":{"line":19,"column":19}},"loc":{"start":{"line":19,"column":31},"end":{"line":33,"column":1}},"line":19},"3":{"name":"(anonymous_3)","decl":{"start":{"line":21,"column":83},"end":{"line":21,"column":84}},"loc":{"start":{"line":21,"column":99},"end":{"line":32,"column":5}},"line":21},"4":{"name":"(anonymous_4)","decl":{"start":{"line":35,"column":27},"end":{"line":35,"column":28}},"loc":{"start":{"line":35,"column":40},"end":{"line":49,"column":1}},"line":35},"5":{"name":"(anonymous_5)","decl":{"start":{"line":37,"column":191},"end":{"line":37,"column":192}},"loc":{"start":{"line":37,"column":207},"end":{"line":48,"column":5}},"line":37},"6":{"name":"(anonymous_6)","decl":{"start":{"line":51,"column":25},"end":{"line":51,"column":26}},"loc":{"start":{"line":51,"column":38},"end":{"line":65,"column":1}},"line":51},"7":{"name":"(anonymous_7)","decl":{"start":{"line":53,"column":6},"end":{"line":53,"column":7}},"loc":{"start":{"line":53,"column":22},"end":{"line":64,"column":5}},"line":53}},"branchMap":{"0":{"loc":{"start":{"line":7,"column":8},"end":{"line":15,"column":9}},"type":"if","locations":[{"start":{"line":7,"column":8},"end":{"line":15,"column":9}},{"start":{"line":10,"column":13},"end":{"line":15,"column":9}}],"line":7},"1":{"loc":{"start":{"line":12,"column":12},"end":{"line":14,"column":13}},"type":"if","locations":[{"start":{"line":12,"column":12},"end":{"line":14,"column":13}},{"start":{},"end":{}}],"line":12},"2":{"loc":{"start":{"line":22,"column":8},"end":{"line":31,"column":9}},"type":"if","locations":[{"start":{"line":22,"column":8},"end":{"line":31,"column":9}},{"start":{"line":25,"column":13},"end":{"line":31,"column":9}}],"line":22},"3":{"loc":{"start":{"line":38,"column":8},"end":{"line":47,"column":9}},"type":"if","locations":[{"start":{"line":38,"column":8},"end":{"line":47,"column":9}},{"start":{"line":41,"column":13},"end":{"line":47,"column":9}}],"line":38},"4":{"loc":{"start":{"line":54,"column":8},"end":{"line":63,"column":9}},"type":"if","locations":[{"start":{"line":54,"column":8},"end":{"line":63,"column":9}},{"start":{"line":57,"column":13},"end":{"line":63,"column":9}}],"line":54}},"s":{"0":5,"1":5,"2":1,"3":1,"4":1,"5":0,"6":0,"7":1,"8":1,"9":1,"10":5,"11":0,"12":0,"13":0,"14":0,"15":0,"16":0,"17":0,"18":5,"19":1,"20":1,"21":1,"22":0,"23":0,"24":1,"25":1,"26":5,"27":0,"28":0,"29":0,"30":0,"31":0,"32":0},"f":{"0":1,"1":1,"2":0,"3":0,"4":1,"5":1,"6":0,"7":0},"b":{"0":[0,1],"1":[1,0],"2":[0,0],"3":[0,1],"4":[0,0]},"_coverageSchema":"1a1c01bbd47fc00a2c39e90264f33305004495a9","hash":"69a871670e0308127eb802bcd5fcdf9bb51d3aae"}
,"D:\\YTU\\3rdyear\\6th_term\\yazılım müh\\proje\\student_system\\api\\app\\controllers\\courseContoller.js": {"path":"D:\\YTU\\3rdyear\\6th_term\\yazılım müh\\proje\\student_system\\api\\app\\controllers\\courseContoller.js","statementMap":{"0":{"start":{"line":1,"column":24},"end":{"line":1,"column":54}},"1":{"start":{"line":4,"column":0},"end":{"line":19,"column":1}},"2":{"start":{"line":5,"column":4},"end":{"line":5,"column":25}},"3":{"start":{"line":6,"column":4},"end":{"line":18,"column":6}},"4":{"start":{"line":7,"column":8},"end":{"line":7,"column":27}},"5":{"start":{"line":9,"column":8},"end":{"line":17,"column":9}},"6":{"start":{"line":10,"column":12},"end":{"line":10,"column":28}},"7":{"start":{"line":11,"column":12},"end":{"line":11,"column":75}},"8":{"start":{"line":13,"column":12},"end":{"line":13,"column":31}},"9":{"start":{"line":14,"column":12},"end":{"line":16,"column":13}},"10":{"start":{"line":15,"column":16},"end":{"line":15,"column":44}}},"fnMap":{"0":{"name":"(anonymous_0)","decl":{"start":{"line":4,"column":22},"end":{"line":4,"column":23}},"loc":{"start":{"line":4,"column":35},"end":{"line":19,"column":1}},"line":4},"1":{"name":"(anonymous_1)","decl":{"start":{"line":6,"column":172},"end":{"line":6,"column":173}},"loc":{"start":{"line":6,"column":188},"end":{"line":18,"column":5}},"line":6}},"branchMap":{"0":{"loc":{"start":{"line":9,"column":8},"end":{"line":17,"column":9}},"type":"if","locations":[{"start":{"line":9,"column":8},"end":{"line":17,"column":9}},{"start":{"line":12,"column":13},"end":{"line":17,"column":9}}],"line":9},"1":{"loc":{"start":{"line":14,"column":12},"end":{"line":16,"column":13}},"type":"if","locations":[{"start":{"line":14,"column":12},"end":{"line":16,"column":13}},{"start":{},"end":{}}],"line":14}},"s":{"0":5,"1":5,"2":1,"3":1,"4":1,"5":1,"6":0,"7":0,"8":1,"9":1,"10":1},"f":{"0":1,"1":1},"b":{"0":[0,1],"1":[1,0]},"_coverageSchema":"1a1c01bbd47fc00a2c39e90264f33305004495a9","hash":"c6fd701dba9f38839a23a6dd5c78b2692995d24d"}
,"D:\\YTU\\3rdyear\\6th_term\\yazılım müh\\proje\\student_system\\api\\app\\controllers\\loginController.js": {"path":"D:\\YTU\\3rdyear\\6th_term\\yazılım müh\\proje\\student_system\\api\\app\\controllers\\loginController.js","statementMap":{"0":{"start":{"line":1,"column":24},"end":{"line":1,"column":54}},"1":{"start":{"line":2,"column":0},"end":{"line":20,"column":1}},"2":{"start":{"line":3,"column":34},"end":{"line":3,"column":42}},"3":{"start":{"line":4,"column":4},"end":{"line":19,"column":6}},"4":{"start":{"line":5,"column":8},"end":{"line":5,"column":27}},"5":{"start":{"line":6,"column":8},"end":{"line":17,"column":9}},"6":{"start":{"line":7,"column":12},"end":{"line":7,"column":28}},"7":{"start":{"line":8,"column":12},"end":{"line":8,"column":44}},"8":{"start":{"line":11,"column":12},"end":{"line":16,"column":13}},"9":{"start":{"line":12,"column":16},"end":{"line":12,"column":44}},"10":{"start":{"line":15,"column":16},"end":{"line":15,"column":64}},"11":{"start":{"line":22,"column":0},"end":{"line":24,"column":1}},"12":{"start":{"line":23,"column":4},"end":{"line":23,"column":14}}},"fnMap":{"0":{"name":"(anonymous_0)","decl":{"start":{"line":2,"column":16},"end":{"line":2,"column":17}},"loc":{"start":{"line":2,"column":34},"end":{"line":20,"column":1}},"line":2},"1":{"name":"(anonymous_1)","decl":{"start":{"line":4,"column":136},"end":{"line":4,"column":137}},"loc":{"start":{"line":4,"column":153},"end":{"line":19,"column":5}},"line":4},"2":{"name":"(anonymous_2)","decl":{"start":{"line":22,"column":18},"end":{"line":22,"column":19}},"loc":{"start":{"line":22,"column":32},"end":{"line":24,"column":1}},"line":22}},"branchMap":{"0":{"loc":{"start":{"line":6,"column":8},"end":{"line":17,"column":9}},"type":"if","locations":[{"start":{"line":6,"column":8},"end":{"line":17,"column":9}},{"start":{"line":10,"column":12},"end":{"line":17,"column":9}}],"line":6},"1":{"loc":{"start":{"line":11,"column":12},"end":{"line":16,"column":13}},"type":"if","locations":[{"start":{"line":11,"column":12},"end":{"line":16,"column":13}},{"start":{"line":14,"column":16},"end":{"line":16,"column":13}}],"line":11}},"s":{"0":5,"1":5,"2":2,"3":2,"4":2,"5":2,"6":0,"7":0,"8":2,"9":1,"10":1,"11":5,"12":0},"f":{"0":2,"1":2,"2":0},"b":{"0":[0,2],"1":[1,1]},"_coverageSchema":"1a1c01bbd47fc00a2c39e90264f33305004495a9","hash":"f32f74c4652c3fd79e0a4b38cda813da3010da1e"}
,"D:\\YTU\\3rdyear\\6th_term\\yazılım müh\\proje\\student_system\\api\\app\\controllers\\studentController.js": {"path":"D:\\YTU\\3rdyear\\6th_term\\yazılım müh\\proje\\student_system\\api\\app\\controllers\\studentController.js","statementMap":{"0":{"start":{"line":1,"column":24},"end":{"line":1,"column":54}},"1":{"start":{"line":3,"column":0},"end":{"line":19,"column":1}},"2":{"start":{"line":4,"column":4},"end":{"line":4,"column":25}},"3":{"start":{"line":5,"column":50},"end":{"line":5,"column":58}},"4":{"start":{"line":7,"column":4},"end":{"line":18,"column":6}},"5":{"start":{"line":8,"column":8},"end":{"line":17,"column":9}},"6":{"start":{"line":9,"column":12},"end":{"line":9,"column":28}},"7":{"start":{"line":10,"column":12},"end":{"line":10,"column":67}},"8":{"start":{"line":12,"column":12},"end":{"line":16,"column":13}},"9":{"start":{"line":13,"column":16},"end":{"line":13,"column":82}},"10":{"start":{"line":15,"column":16},"end":{"line":15,"column":68}},"11":{"start":{"line":21,"column":0},"end":{"line":33,"column":5}},"12":{"start":{"line":22,"column":4},"end":{"line":22,"column":25}},"13":{"start":{"line":23,"column":4},"end":{"line":32,"column":11}},"14":{"start":{"line":24,"column":8},"end":{"line":32,"column":9}},"15":{"start":{"line":25,"column":12},"end":{"line":25,"column":28}},"16":{"start":{"line":26,"column":12},"end":{"line":26,"column":75}},"17":{"start":{"line":28,"column":12},"end":{"line":28,"column":31}},"18":{"start":{"line":29,"column":12},"end":{"line":31,"column":13}},"19":{"start":{"line":30,"column":16},"end":{"line":30,"column":44}},"20":{"start":{"line":35,"column":0},"end":{"line":46,"column":1}},"21":{"start":{"line":36,"column":4},"end":{"line":36,"column":25}},"22":{"start":{"line":37,"column":4},"end":{"line":45,"column":6}},"23":{"start":{"line":38,"column":8},"end":{"line":44,"column":9}},"24":{"start":{"line":39,"column":12},"end":{"line":39,"column":28}},"25":{"start":{"line":40,"column":12},"end":{"line":40,"column":96}},"26":{"start":{"line":42,"column":12},"end":{"line":42,"column":31}},"27":{"start":{"line":43,"column":12},"end":{"line":43,"column":40}},"28":{"start":{"line":48,"column":0},"end":{"line":59,"column":1}},"29":{"start":{"line":49,"column":4},"end":{"line":49,"column":25}},"30":{"start":{"line":50,"column":4},"end":{"line":58,"column":6}},"31":{"start":{"line":51,"column":8},"end":{"line":57,"column":9}},"32":{"start":{"line":52,"column":12},"end":{"line":52,"column":28}},"33":{"start":{"line":53,"column":12},"end":{"line":53,"column":81}},"34":{"start":{"line":55,"column":12},"end":{"line":55,"column":31}},"35":{"start":{"line":56,"column":12},"end":{"line":56,"column":40}},"36":{"start":{"line":61,"column":0},"end":{"line":73,"column":1}},"37":{"start":{"line":62,"column":4},"end":{"line":62,"column":25}},"38":{"start":{"line":63,"column":4},"end":{"line":71,"column":6}},"39":{"start":{"line":64,"column":8},"end":{"line":70,"column":9}},"40":{"start":{"line":65,"column":12},"end":{"line":65,"column":28}},"41":{"start":{"line":66,"column":12},"end":{"line":66,"column":81}},"42":{"start":{"line":68,"column":12},"end":{"line":68,"column":31}},"43":{"start":{"line":69,"column":12},"end":{"line":69,"column":40}},"44":{"start":{"line":75,"column":0},"end":{"line":90,"column":1}},"45":{"start":{"line":76,"column":4},"end":{"line":76,"column":25}},"46":{"start":{"line":77,"column":4},"end":{"line":89,"column":6}},"47":{"start":{"line":78,"column":8},"end":{"line":88,"column":9}},"48":{"start":{"line":79,"column":12},"end":{"line":79,"column":28}},"49":{"start":{"line":80,"column":12},"end":{"line":80,"column":81}},"50":{"start":{"line":82,"column":12},"end":{"line":87,"column":13}},"51":{"start":{"line":83,"column":16},"end":{"line":83,"column":45}},"52":{"start":{"line":84,"column":16},"end":{"line":84,"column":44}},"53":{"start":{"line":86,"column":16},"end":{"line":86,"column":65}},"54":{"start":{"line":94,"column":0},"end":{"line":105,"column":1}},"55":{"start":{"line":95,"column":4},"end":{"line":95,"column":25}},"56":{"start":{"line":96,"column":4},"end":{"line":104,"column":6}},"57":{"start":{"line":97,"column":8},"end":{"line":103,"column":9}},"58":{"start":{"line":98,"column":12},"end":{"line":98,"column":28}},"59":{"start":{"line":99,"column":12},"end":{"line":99,"column":81}},"60":{"start":{"line":101,"column":12},"end":{"line":101,"column":31}},"61":{"start":{"line":102,"column":12},"end":{"line":102,"column":40}}},"fnMap":{"0":{"name":"(anonymous_0)","decl":{"start":{"line":3,"column":25},"end":{"line":3,"column":26}},"loc":{"start":{"line":3,"column":39},"end":{"line":19,"column":1}},"line":3},"1":{"name":"(anonymous_1)","decl":{"start":{"line":7,"column":136},"end":{"line":7,"column":137}},"loc":{"start":{"line":7,"column":153},"end":{"line":18,"column":5}},"line":7},"2":{"name":"(anonymous_2)","decl":{"start":{"line":21,"column":23},"end":{"line":21,"column":24}},"loc":{"start":{"line":21,"column":37},"end":{"line":33,"column":5}},"line":21},"3":{"name":"(anonymous_3)","decl":{"start":{"line":23,"column":170},"end":{"line":23,"column":171}},"loc":{"start":{"line":23,"column":186},"end":{"line":32,"column":10}},"line":23},"4":{"name":"(anonymous_4)","decl":{"start":{"line":35,"column":18},"end":{"line":35,"column":19}},"loc":{"start":{"line":35,"column":32},"end":{"line":46,"column":1}},"line":35},"5":{"name":"(anonymous_5)","decl":{"start":{"line":37,"column":75},"end":{"line":37,"column":76}},"loc":{"start":{"line":37,"column":92},"end":{"line":45,"column":5}},"line":37},"6":{"name":"(anonymous_6)","decl":{"start":{"line":48,"column":25},"end":{"line":48,"column":26}},"loc":{"start":{"line":48,"column":39},"end":{"line":59,"column":1}},"line":48},"7":{"name":"(anonymous_7)","decl":{"start":{"line":50,"column":191},"end":{"line":50,"column":192}},"loc":{"start":{"line":50,"column":208},"end":{"line":58,"column":5}},"line":50},"8":{"name":"(anonymous_8)","decl":{"start":{"line":61,"column":22},"end":{"line":61,"column":23}},"loc":{"start":{"line":61,"column":36},"end":{"line":73,"column":1}},"line":61},"9":{"name":"(anonymous_9)","decl":{"start":{"line":63,"column":172},"end":{"line":63,"column":173}},"loc":{"start":{"line":63,"column":189},"end":{"line":71,"column":5}},"line":63},"10":{"name":"(anonymous_10)","decl":{"start":{"line":75,"column":24},"end":{"line":75,"column":25}},"loc":{"start":{"line":75,"column":38},"end":{"line":90,"column":1}},"line":75},"11":{"name":"(anonymous_11)","decl":{"start":{"line":77,"column":73},"end":{"line":77,"column":74}},"loc":{"start":{"line":77,"column":90},"end":{"line":89,"column":5}},"line":77},"12":{"name":"(anonymous_12)","decl":{"start":{"line":94,"column":34},"end":{"line":94,"column":35}},"loc":{"start":{"line":94,"column":48},"end":{"line":105,"column":1}},"line":94},"13":{"name":"(anonymous_13)","decl":{"start":{"line":96,"column":133},"end":{"line":96,"column":134}},"loc":{"start":{"line":96,"column":150},"end":{"line":104,"column":5}},"line":96}},"branchMap":{"0":{"loc":{"start":{"line":8,"column":8},"end":{"line":17,"column":9}},"type":"if","locations":[{"start":{"line":8,"column":8},"end":{"line":17,"column":9}},{"start":{"line":11,"column":15},"end":{"line":17,"column":9}}],"line":8},"1":{"loc":{"start":{"line":12,"column":12},"end":{"line":16,"column":13}},"type":"if","locations":[{"start":{"line":12,"column":12},"end":{"line":16,"column":13}},{"start":{"line":14,"column":19},"end":{"line":16,"column":13}}],"line":12},"2":{"loc":{"start":{"line":24,"column":8},"end":{"line":32,"column":9}},"type":"if","locations":[{"start":{"line":24,"column":8},"end":{"line":32,"column":9}},{"start":{"line":27,"column":13},"end":{"line":32,"column":9}}],"line":24},"3":{"loc":{"start":{"line":29,"column":12},"end":{"line":31,"column":13}},"type":"if","locations":[{"start":{"line":29,"column":12},"end":{"line":31,"column":13}},{"start":{},"end":{}}],"line":29},"4":{"loc":{"start":{"line":38,"column":8},"end":{"line":44,"column":9}},"type":"if","locations":[{"start":{"line":38,"column":8},"end":{"line":44,"column":9}},{"start":{"line":41,"column":15},"end":{"line":44,"column":9}}],"line":38},"5":{"loc":{"start":{"line":51,"column":8},"end":{"line":57,"column":9}},"type":"if","locations":[{"start":{"line":51,"column":8},"end":{"line":57,"column":9}},{"start":{"line":54,"column":15},"end":{"line":57,"column":9}}],"line":51},"6":{"loc":{"start":{"line":64,"column":8},"end":{"line":70,"column":9}},"type":"if","locations":[{"start":{"line":64,"column":8},"end":{"line":70,"column":9}},{"start":{"line":67,"column":15},"end":{"line":70,"column":9}}],"line":64},"7":{"loc":{"start":{"line":78,"column":8},"end":{"line":88,"column":9}},"type":"if","locations":[{"start":{"line":78,"column":8},"end":{"line":88,"column":9}},{"start":{"line":81,"column":15},"end":{"line":88,"column":9}}],"line":78},"8":{"loc":{"start":{"line":82,"column":12},"end":{"line":87,"column":13}},"type":"if","locations":[{"start":{"line":82,"column":12},"end":{"line":87,"column":13}},{"start":{"line":85,"column":19},"end":{"line":87,"column":13}}],"line":82},"9":{"loc":{"start":{"line":97,"column":8},"end":{"line":103,"column":9}},"type":"if","locations":[{"start":{"line":97,"column":8},"end":{"line":103,"column":9}},{"start":{"line":100,"column":15},"end":{"line":103,"column":9}}],"line":97}},"s":{"0":5,"1":5,"2":2,"3":2,"4":2,"5":2,"6":1,"7":1,"8":1,"9":1,"10":0,"11":5,"12":2,"13":2,"14":2,"15":0,"16":0,"17":2,"18":2,"19":2,"20":5,"21":0,"22":0,"23":0,"24":0,"25":0,"26":0,"27":0,"28":5,"29":0,"30":0,"31":0,"32":0,"33":0,"34":0,"35":0,"36":5,"37":0,"38":0,"39":0,"40":0,"41":0,"42":0,"43":0,"44":5,"45":2,"46":2,"47":2,"48":0,"49":0,"50":2,"51":1,"52":1,"53":1,"54":5,"55":0,"56":0,"57":0,"58":0,"59":0,"60":0,"61":0},"f":{"0":2,"1":2,"2":2,"3":2,"4":0,"5":0,"6":0,"7":0,"8":0,"9":0,"10":2,"11":2,"12":0,"13":0},"b":{"0":[1,1],"1":[1,0],"2":[0,2],"3":[2,0],"4":[0,0],"5":[0,0],"6":[0,0],"7":[0,2],"8":[1,1],"9":[0,0]},"_coverageSchema":"1a1c01bbd47fc00a2c39e90264f33305004495a9","hash":"ba83085d919a59b5e4b824c24fedc926bc05071e"}
,"D:\\YTU\\3rdyear\\6th_term\\yazılım müh\\proje\\student_system\\api\\app\\routes\\route.js": {"path":"D:\\YTU\\3rdyear\\6th_term\\yazılım müh\\proje\\student_system\\api\\app\\routes\\route.js","statementMap":{"0":{"start":{"line":1,"column":16},"end":{"line":1,"column":34}},"1":{"start":{"line":3,"column":15},"end":{"line":3,"column":31}},"2":{"start":{"line":4,"column":15},"end":{"line":4,"column":56}},"3":{"start":{"line":5,"column":17},"end":{"line":5,"column":60}},"4":{"start":{"line":6,"column":16},"end":{"line":6,"column":58}},"5":{"start":{"line":7,"column":16},"end":{"line":7,"column":57}},"6":{"start":{"line":9,"column":0},"end":{"line":9,"column":35}},"7":{"start":{"line":10,"column":0},"end":{"line":10,"column":56}},"8":{"start":{"line":11,"column":0},"end":{"line":11,"column":50}},"9":{"start":{"line":12,"column":0},"end":{"line":12,"column":45}},"10":{"start":{"line":13,"column":0},"end":{"line":13,"column":53}},"11":{"start":{"line":14,"column":0},"end":{"line":14,"column":75}},"12":{"start":{"line":15,"column":0},"end":{"line":15,"column":55}},"13":{"start":{"line":16,"column":0},"end":{"line":16,"column":50}},"14":{"start":{"line":17,"column":0},"end":{"line":17,"column":62}},"15":{"start":{"line":18,"column":0},"end":{"line":18,"column":58}},"16":{"start":{"line":19,"column":0},"end":{"line":19,"column":47}},"17":{"start":{"line":20,"column":0},"end":{"line":20,"column":47}},"18":{"start":{"line":21,"column":0},"end":{"line":21,"column":24}}},"fnMap":{},"branchMap":{},"s":{"0":5,"1":5,"2":5,"3":5,"4":5,"5":5,"6":5,"7":5,"8":5,"9":5,"10":5,"11":5,"12":5,"13":5,"14":5,"15":5,"16":5,"17":5,"18":5},"f":{},"b":{},"_coverageSchema":"1a1c01bbd47fc00a2c39e90264f33305004495a9","hash":"eecebbd260bb319d908d1245f376e03f7c81a9e0"}
}
