TN:
SF:server.js
FNF:0
FNH:0
DA:1,5
DA:2,5
DA:3,5
DA:5,5
DA:7,5
DA:8,5
DA:10,5
DA:14,5
DA:15,5
DA:16,5
DA:19,5
DA:21,5
LF:12
LH:12
BRDA:8,0,0,5
BRDA:8,0,1,5
BRF:2
BRH:2
end_of_record
TN:
SF:app\config\db_config.js
FN:11,(anonymous_0)
FNF:1
FNH:1
FNDA:5,(anonymous_0)
DA:1,5
DA:4,5
DA:11,5
DA:12,5
DA:13,5
DA:15,0
DA:17,5
LF:7
LH:6
BRDA:12,0,0,5
BRDA:12,0,1,0
BRF:2
BRH:1
end_of_record
TN:
SF:app\controllers\branchController.js
FN:3,(anonymous_0)
FN:4,(anonymous_1)
FN:19,(anonymous_2)
FN:21,(anonymous_3)
FN:35,(anonymous_4)
FN:37,(anonymous_5)
FN:51,(anonymous_6)
FN:53,(anonymous_7)
FNF:8
FNH:4
FNDA:1,(anonymous_0)
FNDA:1,(anonymous_1)
FNDA:0,(anonymous_2)
FNDA:0,(anonymous_3)
FNDA:1,(anonymous_4)
FNDA:1,(anonymous_5)
FNDA:0,(anonymous_6)
FNDA:0,(anonymous_7)
DA:1,5
DA:3,5
DA:4,1
DA:5,1
DA:7,1
DA:8,0
DA:9,0
DA:11,1
DA:12,1
DA:13,1
DA:19,5
DA:20,0
DA:21,0
DA:22,0
DA:23,0
DA:24,0
DA:26,0
DA:27,0
DA:35,5
DA:36,1
DA:37,1
DA:38,1
DA:39,0
DA:40,0
DA:42,1
DA:43,1
DA:51,5
DA:52,0
DA:54,0
DA:55,0
DA:56,0
DA:58,0
DA:59,0
LF:33
LH:16
BRDA:7,0,0,0
BRDA:7,0,1,1
BRDA:12,1,0,1
BRDA:12,1,1,0
BRDA:22,2,0,0
BRDA:22,2,1,0
BRDA:38,3,0,0
BRDA:38,3,1,1
BRDA:54,4,0,0
BRDA:54,4,1,0
BRF:10
BRH:3
end_of_record
TN:
SF:app\controllers\courseContoller.js
FN:4,(anonymous_0)
FN:6,(anonymous_1)
FNF:2
FNH:2
FNDA:1,(anonymous_0)
FNDA:1,(anonymous_1)
DA:1,5
DA:4,5
DA:5,1
DA:6,1
DA:7,1
DA:9,1
DA:10,0
DA:11,0
DA:13,1
DA:14,1
DA:15,1
LF:11
LH:9
BRDA:9,0,0,0
BRDA:9,0,1,1
BRDA:14,1,0,1
BRDA:14,1,1,0
BRF:4
BRH:2
end_of_record
TN:
SF:app\controllers\loginController.js
FN:2,(anonymous_0)
FN:4,(anonymous_1)
FN:22,(anonymous_2)
FNF:3
FNH:2
FNDA:2,(anonymous_0)
FNDA:2,(anonymous_1)
FNDA:0,(anonymous_2)
DA:1,5
DA:2,5
DA:3,2
DA:4,2
DA:5,2
DA:6,2
DA:7,0
DA:8,0
DA:11,2
DA:12,1
DA:15,1
DA:22,5
DA:23,0
LF:13
LH:10
BRDA:6,0,0,0
BRDA:6,0,1,2
BRDA:11,1,0,1
BRDA:11,1,1,1
BRF:4
BRH:3
end_of_record
TN:
SF:app\controllers\studentController.js
FN:3,(anonymous_0)
FN:7,(anonymous_1)
FN:21,(anonymous_2)
FN:23,(anonymous_3)
FN:35,(anonymous_4)
FN:37,(anonymous_5)
FN:48,(anonymous_6)
FN:50,(anonymous_7)
FN:61,(anonymous_8)
FN:63,(anonymous_9)
FN:75,(anonymous_10)
FN:77,(anonymous_11)
FN:94,(anonymous_12)
FN:96,(anonymous_13)
FNF:14
FNH:6
FNDA:2,(anonymous_0)
FNDA:2,(anonymous_1)
FNDA:2,(anonymous_2)
FNDA:2,(anonymous_3)
FNDA:0,(anonymous_4)
FNDA:0,(anonymous_5)
FNDA:0,(anonymous_6)
FNDA:0,(anonymous_7)
FNDA:0,(anonymous_8)
FNDA:0,(anonymous_9)
FNDA:2,(anonymous_10)
FNDA:2,(anonymous_11)
FNDA:0,(anonymous_12)
FNDA:0,(anonymous_13)
DA:1,5
DA:3,5
DA:4,2
DA:5,2
DA:7,2
DA:8,2
DA:9,1
DA:10,1
DA:12,1
DA:13,1
DA:15,0
DA:21,5
DA:22,2
DA:23,2
DA:24,2
DA:25,0
DA:26,0
DA:28,2
DA:29,2
DA:30,2
DA:35,5
DA:36,0
DA:37,0
DA:38,0
DA:39,0
DA:40,0
DA:42,0
DA:43,0
DA:48,5
DA:49,0
DA:50,0
DA:51,0
DA:52,0
DA:53,0
DA:55,0
DA:56,0
DA:61,5
DA:62,0
DA:63,0
DA:64,0
DA:65,0
DA:66,0
DA:68,0
DA:69,0
DA:75,5
DA:76,2
DA:77,2
DA:78,2
DA:79,0
DA:80,0
DA:82,2
DA:83,1
DA:84,1
DA:86,1
DA:94,5
DA:95,0
DA:96,0
DA:97,0
DA:98,0
DA:99,0
DA:101,0
DA:102,0
LF:62
LH:29
BRDA:8,0,0,1
BRDA:8,0,1,1
BRDA:12,1,0,1
BRDA:12,1,1,0
BRDA:24,2,0,0
BRDA:24,2,1,2
BRDA:29,3,0,2
BRDA:29,3,1,0
BRDA:38,4,0,0
BRDA:38,4,1,0
BRDA:51,5,0,0
BRDA:51,5,1,0
BRDA:64,6,0,0
BRDA:64,6,1,0
BRDA:78,7,0,0
BRDA:78,7,1,2
BRDA:82,8,0,1
BRDA:82,8,1,1
BRDA:97,9,0,0
BRDA:97,9,1,0
BRF:20
BRH:8
end_of_record
TN:
SF:app\routes\route.js
FNF:0
FNH:0
DA:1,5
DA:3,5
DA:4,5
DA:5,5
DA:6,5
DA:7,5
DA:9,5
DA:10,5
DA:11,5
DA:12,5
DA:13,5
DA:14,5
DA:15,5
DA:16,5
DA:17,5
DA:18,5
DA:19,5
DA:20,5
DA:21,5
LF:19
LH:19
BRF:0
BRH:0
end_of_record
